[2019-06-30 22:07:37][debug] Pay order with weChat payment
[2019-06-30 22:07:38][debug] Response of WxPayApi::unifiedOrder:Array
(
    [return_code] => FAIL
    [return_msg] => mch_id参数格式错误
)

[2019-06-30 22:07:39][debug]  start loop !
[2019-06-30 22:07:39][debug]  check_wechatpay_response orderid:234is need pay:
[2019-06-30 22:07:39][debug]  start loop !
[2019-06-30 22:07:39][debug]  check_wechatpay_response orderid:234is need pay:
[2019-06-30 22:07:40][debug]  start loop !
[2019-06-30 22:07:40][debug]  check_wechatpay_response orderid:234is need pay:
[2019-06-30 22:07:40][debug]  start loop !
[2019-06-30 22:07:40][debug]  check_wechatpay_response orderid:234is need pay:
[2019-06-30 22:07:41][debug]  start loop !
[2019-06-30 22:07:41][debug]  check_wechatpay_response orderid:234is need pay:
[2019-06-30 22:07:42][debug]  start loop !
[2019-06-30 22:07:42][debug]  check_wechatpay_response orderid:234is need pay:
[2019-06-30 22:07:42][debug]  start loop !
[2019-06-30 22:07:42][debug]  check_wechatpay_response orderid:234is need pay:
[2019-06-30 22:07:43][debug]  start loop !
[2019-06-30 22:07:43][debug]  check_wechatpay_response orderid:234is need pay:
[2019-06-30 22:07:44][debug]  start loop !
[2019-06-30 22:07:44][debug]  check_wechatpay_response orderid:234is need pay:
[2019-06-30 22:07:44][debug]  start loop !
[2019-06-30 22:07:44][debug]  check_wechatpay_response orderid:234is need pay:
