07-01-2019 @ 17:55:54 - WC_Gateway_PPEC_Client::_request: remote request to https://api-3t.paypal.com/nvp with params: Array
(
    [LOGOIMG] => 
    [HDRIMG] => 
    [PAGESTYLE] => 
    [BRANDNAME] => 洋酒洋酒你值得拥有
    [RETURNURL] => http://119.3.248.37/wordpress/?page_id=59&woo-paypal-return=true
    [CANCELURL] => http://119.3.248.37/wordpress/?page_id=58&woo-paypal-cancel=true
    [ADDROVERRIDE] => 1
    [LANDINGPAGE] => Login
    [SOLUTIONTYPE] => Sole
    [REQBILLINGADDRESS] => 1
    [PAYMENTREQUEST_0_PAYMENTACTION] => sale
    [PAYMENTREQUEST_0_INSURANCEAMT] => 0
    [PAYMENTREQUEST_0_HANDLINGAMT] => 0
    [PAYMENTREQUEST_0_CUSTOM] => 
    [PAYMENTREQUEST_0_INVNUM] => 
    [PAYMENTREQUEST_0_CURRENCYCODE] => USD
    [PAYMENTREQUEST_0_AMT] => 119
    [PAYMENTREQUEST_0_ITEMAMT] => 109
    [PAYMENTREQUEST_0_SHIPPINGAMT] => 10
    [PAYMENTREQUEST_0_TAXAMT] => 0
    [PAYMENTREQUEST_0_SHIPDISCAMT] => 0
    [NOSHIPPING] => 0
    [EMAIL] => 2564384446@qq.com
    [PAYMENTREQUEST_0_SHIPTONAME] => 1 1
    [PAYMENTREQUEST_0_SHIPTOSTREET] => 1
    [PAYMENTREQUEST_0_SHIPTOSTREET2] => 
    [PAYMENTREQUEST_0_SHIPTOCITY] => 1
    [PAYMENTREQUEST_0_SHIPTOSTATE] => CN3
    [PAYMENTREQUEST_0_SHIPTOZIP] => 1
    [PAYMENTREQUEST_0_SHIPTOCOUNTRYCODE] => CN
    [PAYMENTREQUEST_0_SHIPTOPHONENUM] => 
    [L_PAYMENTREQUEST_0_NAME0] => 45°五粮液 浓香型白酒 500ml
    [L_PAYMENTREQUEST_0_DESC0] => 主体参数

 	品牌：五粮液
 	国产/进口：国产
 	产地：四川宜宾
 	原料：水、高粱、大米、糯
    [L_PAYMENTREQUEST_0_QTY0] => 1
    [L_PAYMENTREQUEST_0_AMT0] => 109
    [METHOD] => SetExpressCheckout
    [VERSION] => 120.0
    [USER] => 
    [PWD] => 
    [SIGNATURE] => 
)

07-01-2019 @ 17:55:56 - WC_Gateway_PPEC_Client::_process_response: acknowleged response body: Array
(
    [TIMESTAMP] => 2019-07-01T09:55:56Z
    [CORRELATIONID] => 86d19be833176
    [ACK] => Failure
    [VERSION] => 120.0
    [BUILD] => 53072421
    [L_ERRORCODE0] => 10002
    [L_SHORTMESSAGE0] => Authentication/Authorization Failed
    [L_LONGMESSAGE0] => You do not have permissions to make this API call
    [L_SEVERITYCODE0] => Error
)

